2026-02-25T10:55:52.221780Z  INFO tailwindcss_oxide::scanner: Provided sources:
2026-02-25T10:55:52.269735Z  INFO tailwindcss_oxide::scanner: Source: PublicSourceEntry { base: "/Users/efstathia/Downloads/videos/programme/apps/desktop/src/renderer", pattern: "**/*", negated: false }
2026-02-25T10:55:52.312483Z  INFO tailwindcss_oxide::scanner: Optimized sources:
2026-02-25T10:55:52.312508Z  INFO tailwindcss_oxide::scanner: Source: Auto { base: "/Users/efstathia/Downloads/videos/programme/apps/desktop/src/renderer" }
2026-02-25T10:55:52.330989Z  INFO scan_sources: tailwindcss_oxide::scanner: enter
2026-02-25T10:55:52.340277Z  INFO scan_sources: tailwindcss_oxide::scanner: Discovering "/Users/efstathia/Downloads/videos/programme/apps/desktop/src/renderer/index.html"
2026-02-25T10:55:52.341111Z  INFO scan_sources: tailwindcss_oxide::scanner: Discovering "/Users/efstathia/Downloads/videos/programme/apps/desktop/src/renderer/components"
2026-02-25T10:55:52.341259Z  INFO scan_sources: tailwindcss_oxide::scanner: Discovering "/Users/efstathia/Downloads/videos/programme/apps/desktop/src/renderer/__tests__"
2026-02-25T10:55:52.341353Z  INFO scan_sources: tailwindcss_oxide::scanner: Discovering "/Users/efstathia/Downloads/videos/programme/apps/desktop/src/renderer/__tests__/App.test.tsx"
2026-02-25T10:55:52.341391Z  INFO scan_sources: tailwindcss_oxide::scanner: Discovering "/Users/efstathia/Downloads/videos/programme/apps/desktop/src/renderer/__tests__/constants.test.ts"
2026-02-25T10:55:52.341432Z  INFO scan_sources: tailwindcss_oxide::scanner: Discovering "/Users/efstathia/Downloads/videos/programme/apps/desktop/src/renderer/__tests__/config.test.ts"
2026-02-25T10:55:52.341468Z  INFO scan_sources: tailwindcss_oxide::scanner: Discovering "/Users/efstathia/Downloads/videos/programme/apps/desktop/src/renderer/__tests__/main.test.ts"
2026-02-25T10:55:52.341537Z  INFO scan_sources: tailwindcss_oxide::scanner: Discovering "/Users/efstathia/Downloads/videos/programme/apps/desktop/src/renderer/hooks"
2026-02-25T10:55:52.342288Z  INFO scan_sources: tailwindcss_oxide::scanner: Discovering "/Users/efstathia/Downloads/videos/programme/apps/desktop/src/renderer/src"
2026-02-25T10:55:52.342543Z  INFO scan_sources: tailwindcss_oxide::scanner: Discovering "/Users/efstathia/Downloads/videos/programme/apps/desktop/src/renderer/src/App.tsx"
2026-02-25T10:55:52.342588Z  INFO scan_sources: tailwindcss_oxide::scanner: Discovering "/Users/efstathia/Downloads/videos/programme/apps/desktop/src/renderer/src/main.tsx"
2026-02-25T10:55:52.342656Z  INFO scan_sources: tailwindcss_oxide::scanner: Discovering "/Users/efstathia/Downloads/videos/programme/apps/desktop/src/renderer/src/contexts"
2026-02-25T10:55:52.342744Z  INFO scan_sources: tailwindcss_oxide::scanner: Discovering "/Users/efstathia/Downloads/videos/programme/apps/desktop/src/renderer/src/contexts/GatewayStatusContext.tsx"
2026-02-25T10:55:52.342781Z  INFO scan_sources: tailwindcss_oxide::scanner: Discovering "/Users/efstathia/Downloads/videos/programme/apps/desktop/src/renderer/src/contexts/AuthContext.tsx"
2026-02-25T10:55:52.342826Z  INFO scan_sources: tailwindcss_oxide::scanner: Discovering "/Users/efstathia/Downloads/videos/programme/apps/desktop/src/renderer/src/env.d.ts"
2026-02-25T10:55:52.342861Z  INFO scan_sources: tailwindcss_oxide::scanner: Discovering "/Users/efstathia/Downloads/videos/programme/apps/desktop/src/renderer/src/App.css"
2026-02-25T10:55:52.342931Z  INFO scan_sources: tailwindcss_oxide::scanner: Discovering "/Users/efstathia/Downloads/videos/programme/apps/desktop/src/renderer/src/utils"
2026-02-25T10:55:52.343008Z  INFO scan_sources: tailwindcss_oxide::scanner: Discovering "/Users/efstathia/Downloads/videos/programme/apps/desktop/src/renderer/src/utils/file-validation.ts"
2026-02-25T10:55:52.343044Z  INFO scan_sources: tailwindcss_oxide::scanner: Discovering "/Users/efstathia/Downloads/videos/programme/apps/desktop/src/renderer/src/utils/format-date.ts"
2026-02-25T10:55:52.343112Z  INFO scan_sources: tailwindcss_oxide::scanner: Discovering "/Users/efstathia/Downloads/videos/programme/apps/desktop/src/renderer/src/components"
2026-02-25T10:55:52.343246Z  INFO scan_sources: tailwindcss_oxide::scanner: Discovering "/Users/efstathia/Downloads/videos/programme/apps/desktop/src/renderer/src/components/ui"
2026-02-25T10:55:52.343313Z  INFO scan_sources: tailwindcss_oxide::scanner: Discovering "/Users/efstathia/Downloads/videos/programme/apps/desktop/src/renderer/src/components/ui/Spinner.tsx"
2026-02-25T10:55:52.343355Z  INFO scan_sources: tailwindcss_oxide::scanner: Discovering "/Users/efstathia/Downloads/videos/programme/apps/desktop/src/renderer/src/components/FilePreview.tsx"
2026-02-25T10:55:52.343387Z  INFO scan_sources: tailwindcss_oxide::scanner: Discovering "/Users/efstathia/Downloads/videos/programme/apps/desktop/src/renderer/src/components/CommandPalette.tsx"
2026-02-25T10:55:52.343417Z  INFO scan_sources: tailwindcss_oxide::scanner: Discovering "/Users/efstathia/Downloads/videos/programme/apps/desktop/src/renderer/src/components/SessionList.tsx"
2026-02-25T10:55:52.343448Z  INFO scan_sources: tailwindcss_oxide::scanner: Discovering "/Users/efstathia/Downloads/videos/programme/apps/desktop/src/renderer/src/components/SlideOverPanel.tsx"
2026-02-25T10:55:52.343479Z  INFO scan_sources: tailwindcss_oxide::scanner: Discovering "/Users/efstathia/Downloads/videos/programme/apps/desktop/src/renderer/src/components/StreamingCursor.tsx"
2026-02-25T10:55:52.343510Z  INFO scan_sources: tailwindcss_oxide::scanner: Discovering "/Users/efstathia/Downloads/videos/programme/apps/desktop/src/renderer/src/components/MarkdownMessage.tsx"
2026-02-25T10:55:52.343571Z  INFO scan_sources: tailwindcss_oxide::scanner: Discovering "/Users/efstathia/Downloads/videos/programme/apps/desktop/src/renderer/src/components/__tests__"
2026-02-25T10:55:52.343638Z  INFO scan_sources: tailwindcss_oxide::scanner: Discovering "/Users/efstathia/Downloads/videos/programme/apps/desktop/src/renderer/src/components/__tests__/Spinner.test.ts"
2026-02-25T10:55:52.343675Z  INFO scan_sources: tailwindcss_oxide::scanner: Discovering "/Users/efstathia/Downloads/videos/programme/apps/desktop/src/renderer/src/components/AttachmentButton.tsx"
2026-02-25T10:55:52.343713Z  INFO scan_sources: tailwindcss_oxide::scanner: Discovering "/Users/efstathia/Downloads/videos/programme/apps/desktop/src/renderer/src/components/ToolExecution.tsx"
2026-02-25T10:55:52.343746Z  INFO scan_sources: tailwindcss_oxide::scanner: Discovering "/Users/efstathia/Downloads/videos/programme/apps/desktop/src/renderer/src/components/ToolConfirmation.tsx"
2026-02-25T10:55:52.343778Z  INFO scan_sources: tailwindcss_oxide::scanner: Discovering "/Users/efstathia/Downloads/videos/programme/apps/desktop/src/renderer/src/components/Sidebar.tsx"
2026-02-25T10:55:52.343811Z  INFO scan_sources: tailwindcss_oxide::scanner: Discovering "/Users/efstathia/Downloads/videos/programme/apps/desktop/src/renderer/src/components/DevicePairing.tsx"
2026-02-25T10:55:52.343841Z  INFO scan_sources: tailwindcss_oxide::scanner: Discovering "/Users/efstathia/Downloads/videos/programme/apps/desktop/src/renderer/src/components/ChatInput.tsx"
2026-02-25T10:55:52.343871Z  INFO scan_sources: tailwindcss_oxide::scanner: Discovering "/Users/efstathia/Downloads/videos/programme/apps/desktop/src/renderer/src/components/Toast.tsx"
2026-02-25T10:55:52.343905Z  INFO scan_sources: tailwindcss_oxide::scanner: Discovering "/Users/efstathia/Downloads/videos/programme/apps/desktop/src/renderer/src/components/EmptyState.tsx"
2026-02-25T10:55:52.343936Z  INFO scan_sources: tailwindcss_oxide::scanner: Discovering "/Users/efstathia/Downloads/videos/programme/apps/desktop/src/renderer/src/components/FileDropZone.tsx"
2026-02-25T10:55:52.343970Z  INFO scan_sources: tailwindcss_oxide::scanner: Discovering "/Users/efstathia/Downloads/videos/programme/apps/desktop/src/renderer/src/components/ErrorBoundary.tsx"
2026-02-25T10:55:52.344052Z  INFO scan_sources: tailwindcss_oxide::scanner: Discovering "/Users/efstathia/Downloads/videos/programme/apps/desktop/src/renderer/src/__tests__"
2026-02-25T10:55:52.344151Z  INFO scan_sources: tailwindcss_oxide::scanner: Discovering "/Users/efstathia/Downloads/videos/programme/apps/desktop/src/renderer/src/__tests__/ChatInput.test.ts"
2026-02-25T10:55:52.344205Z  INFO scan_sources: tailwindcss_oxide::scanner: Discovering "/Users/efstathia/Downloads/videos/programme/apps/desktop/src/renderer/src/__tests__/useGatewayConfig.test.ts"
2026-02-25T10:55:52.344241Z  INFO scan_sources: tailwindcss_oxide::scanner: Discovering "/Users/efstathia/Downloads/videos/programme/apps/desktop/src/renderer/src/__tests__/ToolConfirmation.test.ts"
2026-02-25T10:55:52.344275Z  INFO scan_sources: tailwindcss_oxide::scanner: Discovering "/Users/efstathia/Downloads/videos/programme/apps/desktop/src/renderer/src/__tests__/useAgentStatus.test.ts"
2026-02-25T10:55:52.344307Z  INFO scan_sources: tailwindcss_oxide::scanner: Discovering "/Users/efstathia/Downloads/videos/programme/apps/desktop/src/renderer/src/__tests__/DevicePairing.test.ts"
2026-02-25T10:55:52.344339Z  INFO scan_sources: tailwindcss_oxide::scanner: Discovering "/Users/efstathia/Downloads/videos/programme/apps/desktop/src/renderer/src/__tests__/MarkdownMessage.test.ts"
2026-02-25T10:55:52.344369Z  INFO scan_sources: tailwindcss_oxide::scanner: Discovering "/Users/efstathia/Downloads/videos/programme/apps/desktop/src/renderer/src/__tests__/SlideOverPanel.test.ts"
2026-02-25T10:55:52.344401Z  INFO scan_sources: tailwindcss_oxide::scanner: Discovering "/Users/efstathia/Downloads/videos/programme/apps/desktop/src/renderer/src/__tests__/CommandPalette.test.ts"
2026-02-25T10:55:52.344432Z  INFO scan_sources: tailwindcss_oxide::scanner: Discovering "/Users/efstathia/Downloads/videos/programme/apps/desktop/src/renderer/src/__tests__/GatewayStatusContext.test.ts"
2026-02-25T10:55:52.344463Z  INFO scan_sources: tailwindcss_oxide::scanner: Discovering "/Users/efstathia/Downloads/videos/programme/apps/desktop/src/renderer/src/__tests__/ToolExecution.test.ts"
2026-02-25T10:55:52.344494Z  INFO scan_sources: tailwindcss_oxide::scanner: Discovering "/Users/efstathia/Downloads/videos/programme/apps/desktop/src/renderer/src/__tests__/file-validation.test.ts"
2026-02-25T10:55:52.344540Z  INFO scan_sources: tailwindcss_oxide::scanner: Discovering "/Users/efstathia/Downloads/videos/programme/apps/desktop/src/renderer/src/__tests__/useChat.test.ts"
2026-02-25T10:55:52.344578Z  INFO scan_sources: tailwindcss_oxide::scanner: Discovering "/Users/efstathia/Downloads/videos/programme/apps/desktop/src/renderer/src/__tests__/SessionList.test.ts"
2026-02-25T10:55:52.344610Z  INFO scan_sources: tailwindcss_oxide::scanner: Discovering "/Users/efstathia/Downloads/videos/programme/apps/desktop/src/renderer/src/__tests__/routing.test.ts"
2026-02-25T10:55:52.344641Z  INFO scan_sources: tailwindcss_oxide::scanner: Discovering "/Users/efstathia/Downloads/videos/programme/apps/desktop/src/renderer/src/__tests__/Settings.test.ts"
2026-02-25T10:55:52.344672Z  INFO scan_sources: tailwindcss_oxide::scanner: Discovering "/Users/efstathia/Downloads/videos/programme/apps/desktop/src/renderer/src/__tests__/StreamingCursor.test.ts"
2026-02-25T10:55:52.344703Z  INFO scan_sources: tailwindcss_oxide::scanner: Discovering "/Users/efstathia/Downloads/videos/programme/apps/desktop/src/renderer/src/__tests__/useGatewayStatus.test.ts"
2026-02-25T10:55:52.344734Z  INFO scan_sources: tailwindcss_oxide::scanner: Discovering "/Users/efstathia/Downloads/videos/programme/apps/desktop/src/renderer/src/__tests__/useSessions.test.ts"
2026-02-25T10:55:52.344764Z  INFO scan_sources: tailwindcss_oxide::scanner: Discovering "/Users/efstathia/Downloads/videos/programme/apps/desktop/src/renderer/src/__tests__/FilePreview.test.ts"
2026-02-25T10:55:52.344794Z  INFO scan_sources: tailwindcss_oxide::scanner: Discovering "/Users/efstathia/Downloads/videos/programme/apps/desktop/src/renderer/src/__tests__/AuthContext.test.ts"
2026-02-25T10:55:52.344833Z  INFO scan_sources: tailwindcss_oxide::scanner: Discovering "/Users/efstathia/Downloads/videos/programme/apps/desktop/src/renderer/src/__tests__/Chat.test.ts"
2026-02-25T10:55:52.344868Z  INFO scan_sources: tailwindcss_oxide::scanner: Discovering "/Users/efstathia/Downloads/videos/programme/apps/desktop/src/renderer/src/__tests__/FileDropZone.test.ts"
2026-02-25T10:55:52.344927Z  INFO scan_sources: tailwindcss_oxide::scanner: Discovering "/Users/efstathia/Downloads/videos/programme/apps/desktop/src/renderer/src/__tests__/ErrorBoundary.test.ts"
2026-02-25T10:55:52.344962Z  INFO scan_sources: tailwindcss_oxide::scanner: Discovering "/Users/efstathia/Downloads/videos/programme/apps/desktop/src/renderer/src/__tests__/Toast.test.ts"
2026-02-25T10:55:52.344995Z  INFO scan_sources: tailwindcss_oxide::scanner: Discovering "/Users/efstathia/Downloads/videos/programme/apps/desktop/src/renderer/src/__tests__/AuthScreen.test.ts"
2026-02-25T10:55:52.345046Z  INFO scan_sources: tailwindcss_oxide::scanner: Discovering "/Users/efstathia/Downloads/videos/programme/apps/desktop/src/renderer/src/__tests__/useKeyboardShortcuts.test.ts"
2026-02-25T10:55:52.345087Z  INFO scan_sources: tailwindcss_oxide::scanner: Discovering "/Users/efstathia/Downloads/videos/programme/apps/desktop/src/renderer/src/__tests__/EmptyState.test.ts"
2026-02-25T10:55:52.345127Z  INFO scan_sources: tailwindcss_oxide::scanner: Discovering "/Users/efstathia/Downloads/videos/programme/apps/desktop/src/renderer/src/__tests__/AttachmentButton.test.ts"
2026-02-25T10:55:52.345161Z  INFO scan_sources: tailwindcss_oxide::scanner: Discovering "/Users/efstathia/Downloads/videos/programme/apps/desktop/src/renderer/src/__tests__/format-date.test.ts"
2026-02-25T10:55:52.345194Z  INFO scan_sources: tailwindcss_oxide::scanner: Discovering "/Users/efstathia/Downloads/videos/programme/apps/desktop/src/renderer/src/__tests__/Setup.test.ts"
2026-02-25T10:55:52.345238Z  INFO scan_sources: tailwindcss_oxide::scanner: Discovering "/Users/efstathia/Downloads/videos/programme/apps/desktop/src/renderer/src/__tests__/Sidebar.test.ts"
2026-02-25T10:55:52.345279Z  INFO scan_sources: tailwindcss_oxide::scanner: Discovering "/Users/efstathia/Downloads/videos/programme/apps/desktop/src/renderer/src/constants.ts"
2026-02-25T10:55:52.345345Z  INFO scan_sources: tailwindcss_oxide::scanner: Discovering "/Users/efstathia/Downloads/videos/programme/apps/desktop/src/renderer/src/hooks"
2026-02-25T10:55:52.345427Z  INFO scan_sources: tailwindcss_oxide::scanner: Discovering "/Users/efstathia/Downloads/videos/programme/apps/desktop/src/renderer/src/hooks/useChat.ts"
2026-02-25T10:55:52.345461Z  INFO scan_sources: tailwindcss_oxide::scanner: Discovering "/Users/efstathia/Downloads/videos/programme/apps/desktop/src/renderer/src/hooks/useGatewayConfig.ts"
2026-02-25T10:55:52.345492Z  INFO scan_sources: tailwindcss_oxide::scanner: Discovering "/Users/efstathia/Downloads/videos/programme/apps/desktop/src/renderer/src/hooks/useSessions.ts"
2026-02-25T10:55:52.345525Z  INFO scan_sources: tailwindcss_oxide::scanner: Discovering "/Users/efstathia/Downloads/videos/programme/apps/desktop/src/renderer/src/hooks/useAgentStatus.ts"
2026-02-25T10:55:52.345557Z  INFO scan_sources: tailwindcss_oxide::scanner: Discovering "/Users/efstathia/Downloads/videos/programme/apps/desktop/src/renderer/src/hooks/useKeyboardShortcuts.ts"
2026-02-25T10:55:52.345587Z  INFO scan_sources: tailwindcss_oxide::scanner: Discovering "/Users/efstathia/Downloads/videos/programme/apps/desktop/src/renderer/src/hooks/useGatewayStatus.ts"
2026-02-25T10:55:52.345623Z  INFO scan_sources: tailwindcss_oxide::scanner: Discovering "/Users/efstathia/Downloads/videos/programme/apps/desktop/src/renderer/src/config.ts"
2026-02-25T10:55:52.345686Z  INFO scan_sources: tailwindcss_oxide::scanner: Discovering "/Users/efstathia/Downloads/videos/programme/apps/desktop/src/renderer/src/pages"
2026-02-25T10:55:52.345764Z  INFO scan_sources: tailwindcss_oxide::scanner: Discovering "/Users/efstathia/Downloads/videos/programme/apps/desktop/src/renderer/src/pages/Settings.tsx"
2026-02-25T10:55:52.345798Z  INFO scan_sources: tailwindcss_oxide::scanner: Discovering "/Users/efstathia/Downloads/videos/programme/apps/desktop/src/renderer/src/pages/AuthScreen.tsx"
2026-02-25T10:55:52.345828Z  INFO scan_sources: tailwindcss_oxide::scanner: Discovering "/Users/efstathia/Downloads/videos/programme/apps/desktop/src/renderer/src/pages/Setup.tsx"
2026-02-25T10:55:52.345872Z  INFO scan_sources: tailwindcss_oxide::scanner: Discovering "/Users/efstathia/Downloads/videos/programme/apps/desktop/src/renderer/src/pages/Chat.tsx"
2026-02-25T10:55:52.345967Z  INFO scan_sources: tailwindcss_oxide::scanner: exit
2026-02-25T10:55:52.345979Z  INFO extract_candidates: tailwindcss_oxide::scanner: enter
2026-02-25T10:55:52.345991Z  INFO extract_candidates:read_all_files: tailwindcss_oxide::scanner: enter
2026-02-25T10:55:52.345997Z  INFO extract_candidates:read_all_files: tailwindcss_oxide::scanner: Reading 73 file(s)
2026-02-25T10:55:52.348125Z  INFO tailwindcss_oxide::scanner: Reading "/Users/efstathia/Downloads/videos/programme/apps/desktop/src/renderer/index.html"
2026-02-25T10:55:52.348449Z  INFO tailwindcss_oxide::scanner: Reading "/Users/efstathia/Downloads/videos/programme/apps/desktop/src/renderer/src/components/MarkdownMessage.tsx"
2026-02-25T10:55:52.348531Z  INFO tailwindcss_oxide::scanner: Reading "/Users/efstathia/Downloads/videos/programme/apps/desktop/src/renderer/src/components/EmptyState.tsx"
2026-02-25T10:55:52.348537Z  INFO tailwindcss_oxide::scanner: Reading "/Users/efstathia/Downloads/videos/programme/apps/desktop/src/renderer/src/__tests__/SlideOverPanel.test.ts"
2026-02-25T10:55:52.348768Z  INFO tailwindcss_oxide::scanner: Reading "/Users/efstathia/Downloads/videos/programme/apps/desktop/src/renderer/src/components/FileDropZone.tsx"
2026-02-25T10:55:52.348824Z  INFO tailwindcss_oxide::scanner: Reading "/Users/efstathia/Downloads/videos/programme/apps/desktop/src/renderer/src/components/ErrorBoundary.tsx"
2026-02-25T10:55:52.348890Z  INFO tailwindcss_oxide::scanner: Reading "/Users/efstathia/Downloads/videos/programme/apps/desktop/src/renderer/src/__tests__/CommandPalette.test.ts"
2026-02-25T10:55:52.349105Z  INFO tailwindcss_oxide::scanner: Reading "/Users/efstathia/Downloads/videos/programme/apps/desktop/src/renderer/__tests__/App.test.tsx"
2026-02-25T10:55:52.349425Z  INFO tailwindcss_oxide::scanner: Reading "/Users/efstathia/Downloads/videos/programme/apps/desktop/src/renderer/src/__tests__/ChatInput.test.ts"
2026-02-25T10:55:52.349692Z  INFO tailwindcss_oxide::scanner: Reading "/Users/efstathia/Downloads/videos/programme/apps/desktop/src/renderer/src/__tests__/useGatewayConfig.test.ts"
2026-02-25T10:55:52.349141Z  INFO tailwindcss_oxide::scanner: Reading "/Users/efstathia/Downloads/videos/programme/apps/desktop/src/renderer/src/__tests__/GatewayStatusContext.test.ts"
2026-02-25T10:55:52.350559Z  INFO tailwindcss_oxide::scanner: Reading "/Users/efstathia/Downloads/videos/programme/apps/desktop/src/renderer/__tests__/constants.test.ts"
2026-02-25T10:55:52.350677Z  INFO tailwindcss_oxide::scanner: Reading "/Users/efstathia/Downloads/videos/programme/apps/desktop/src/renderer/src/components/__tests__/Spinner.test.ts"
2026-02-25T10:55:52.350881Z  INFO tailwindcss_oxide::scanner: Reading "/Users/efstathia/Downloads/videos/programme/apps/desktop/src/renderer/src/components/AttachmentButton.tsx"
2026-02-25T10:55:52.351453Z  INFO tailwindcss_oxide::scanner: Reading "/Users/efstathia/Downloads/videos/programme/apps/desktop/src/renderer/src/__tests__/ToolExecution.test.ts"
2026-02-25T10:55:52.351714Z  INFO tailwindcss_oxide::scanner: Reading "/Users/efstathia/Downloads/videos/programme/apps/desktop/src/renderer/src/__tests__/file-validation.test.ts"
2026-02-25T10:55:52.351926Z  INFO tailwindcss_oxide::scanner: Reading "/Users/efstathia/Downloads/videos/programme/apps/desktop/src/renderer/__tests__/config.test.ts"
2026-02-25T10:55:52.352015Z  INFO tailwindcss_oxide::scanner: Reading "/Users/efstathia/Downloads/videos/programme/apps/desktop/src/renderer/src/__tests__/useChat.test.ts"
2026-02-25T10:55:52.352111Z  INFO tailwindcss_oxide::scanner: Reading "/Users/efstathia/Downloads/videos/programme/apps/desktop/src/renderer/__tests__/main.test.ts"
2026-02-25T10:55:52.352158Z  INFO tailwindcss_oxide::scanner: Reading "/Users/efstathia/Downloads/videos/programme/apps/desktop/src/renderer/src/App.tsx"
2026-02-25T10:55:52.352228Z  INFO tailwindcss_oxide::scanner: Reading "/Users/efstathia/Downloads/videos/programme/apps/desktop/src/renderer/src/main.tsx"
2026-02-25T10:55:52.352262Z  INFO tailwindcss_oxide::scanner: Reading "/Users/efstathia/Downloads/videos/programme/apps/desktop/src/renderer/src/contexts/GatewayStatusContext.tsx"
2026-02-25T10:55:52.352299Z  INFO tailwindcss_oxide::scanner: Reading "/Users/efstathia/Downloads/videos/programme/apps/desktop/src/renderer/src/contexts/AuthContext.tsx"
2026-02-25T10:55:52.352301Z  INFO tailwindcss_oxide::scanner: Reading "/Users/efstathia/Downloads/videos/programme/apps/desktop/src/renderer/src/__tests__/SessionList.test.ts"
2026-02-25T10:55:52.352386Z  INFO tailwindcss_oxide::scanner: Reading "/Users/efstathia/Downloads/videos/programme/apps/desktop/src/renderer/src/components/ToolExecution.tsx"
2026-02-25T10:55:52.352445Z  INFO tailwindcss_oxide::scanner: Reading "/Users/efstathia/Downloads/videos/programme/apps/desktop/src/renderer/src/__tests__/ToolConfirmation.test.ts"
2026-02-25T10:55:52.352700Z  INFO tailwindcss_oxide::scanner: Reading "/Users/efstathia/Downloads/videos/programme/apps/desktop/src/renderer/src/env.d.ts"
2026-02-25T10:55:52.352794Z  INFO tailwindcss_oxide::scanner: Reading "/Users/efstathia/Downloads/videos/programme/apps/desktop/src/renderer/src/__tests__/routing.test.ts"
2026-02-25T10:55:52.352909Z  INFO tailwindcss_oxide::scanner: Reading "/Users/efstathia/Downloads/videos/programme/apps/desktop/src/renderer/src/components/ToolConfirmation.tsx"
2026-02-25T10:55:52.352959Z  INFO tailwindcss_oxide::scanner: Reading "/Users/efstathia/Downloads/videos/programme/apps/desktop/src/renderer/src/components/Sidebar.tsx"
2026-02-25T10:55:52.353000Z  INFO tailwindcss_oxide::scanner: Reading "/Users/efstathia/Downloads/videos/programme/apps/desktop/src/renderer/src/__tests__/useAgentStatus.test.ts"
2026-02-25T10:55:52.353148Z  INFO tailwindcss_oxide::scanner: Reading "/Users/efstathia/Downloads/videos/programme/apps/desktop/src/renderer/src/components/DevicePairing.tsx"
2026-02-25T10:55:52.353185Z  INFO tailwindcss_oxide::scanner: Reading "/Users/efstathia/Downloads/videos/programme/apps/desktop/src/renderer/src/__tests__/Settings.test.ts"
2026-02-25T10:55:52.353270Z  INFO tailwindcss_oxide::scanner: Reading "/Users/efstathia/Downloads/videos/programme/apps/desktop/src/renderer/src/utils/file-validation.ts"
2026-02-25T10:55:52.353293Z  INFO tailwindcss_oxide::scanner: Reading "/Users/efstathia/Downloads/videos/programme/apps/desktop/src/renderer/src/components/ChatInput.tsx"
2026-02-25T10:55:52.353350Z  INFO tailwindcss_oxide::scanner: Reading "/Users/efstathia/Downloads/videos/programme/apps/desktop/src/renderer/src/__tests__/DevicePairing.test.ts"
2026-02-25T10:55:52.353352Z  INFO tailwindcss_oxide::scanner: Reading "/Users/efstathia/Downloads/videos/programme/apps/desktop/src/renderer/src/__tests__/StreamingCursor.test.ts"
2026-02-25T10:55:52.353447Z  INFO tailwindcss_oxide::scanner: Reading "/Users/efstathia/Downloads/videos/programme/apps/desktop/src/renderer/src/utils/format-date.ts"
2026-02-25T10:55:52.353500Z  INFO tailwindcss_oxide::scanner: Reading "/Users/efstathia/Downloads/videos/programme/apps/desktop/src/renderer/src/components/Toast.tsx"
2026-02-25T10:55:52.353506Z  INFO tailwindcss_oxide::scanner: Reading "/Users/efstathia/Downloads/videos/programme/apps/desktop/src/renderer/src/__tests__/MarkdownMessage.test.ts"
2026-02-25T10:55:52.353525Z  INFO tailwindcss_oxide::scanner: Reading "/Users/efstathia/Downloads/videos/programme/apps/desktop/src/renderer/src/__tests__/useGatewayStatus.test.ts"
2026-02-25T10:55:52.353602Z  INFO tailwindcss_oxide::scanner: Reading "/Users/efstathia/Downloads/videos/programme/apps/desktop/src/renderer/src/components/ui/Spinner.tsx"
2026-02-25T10:55:52.353663Z  INFO tailwindcss_oxide::scanner: Reading "/Users/efstathia/Downloads/videos/programme/apps/desktop/src/renderer/src/components/FilePreview.tsx"
2026-02-25T10:55:52.353670Z  INFO tailwindcss_oxide::scanner: Reading "/Users/efstathia/Downloads/videos/programme/apps/desktop/src/renderer/src/__tests__/AuthScreen.test.ts"
2026-02-25T10:55:52.353709Z  INFO tailwindcss_oxide::scanner: Reading "/Users/efstathia/Downloads/videos/programme/apps/desktop/src/renderer/src/components/CommandPalette.tsx"
2026-02-25T10:55:52.353931Z  INFO tailwindcss_oxide::scanner: Reading "/Users/efstathia/Downloads/videos/programme/apps/desktop/src/renderer/src/__tests__/useKeyboardShortcuts.test.ts"
2026-02-25T10:55:52.353947Z  INFO tailwindcss_oxide::scanner: Reading "/Users/efstathia/Downloads/videos/programme/apps/desktop/src/renderer/src/components/SessionList.tsx"
2026-02-25T10:55:52.354200Z  INFO tailwindcss_oxide::scanner: Reading "/Users/efstathia/Downloads/videos/programme/apps/desktop/src/renderer/src/__tests__/EmptyState.test.ts"
2026-02-25T10:55:52.354225Z  INFO tailwindcss_oxide::scanner: Reading "/Users/efstathia/Downloads/videos/programme/apps/desktop/src/renderer/src/components/SlideOverPanel.tsx"
2026-02-25T10:55:52.354298Z  INFO tailwindcss_oxide::scanner: Reading "/Users/efstathia/Downloads/videos/programme/apps/desktop/src/renderer/src/hooks/useGatewayConfig.ts"
2026-02-25T10:55:52.354298Z  INFO tailwindcss_oxide::scanner: Reading "/Users/efstathia/Downloads/videos/programme/apps/desktop/src/renderer/src/__tests__/useSessions.test.ts"
2026-02-25T10:55:52.354353Z  INFO tailwindcss_oxide::scanner: Reading "/Users/efstathia/Downloads/videos/programme/apps/desktop/src/renderer/src/hooks/useSessions.ts"
2026-02-25T10:55:52.354370Z  INFO tailwindcss_oxide::scanner: Reading "/Users/efstathia/Downloads/videos/programme/apps/desktop/src/renderer/src/components/StreamingCursor.tsx"
2026-02-25T10:55:52.354345Z  INFO tailwindcss_oxide::scanner: Reading "/Users/efstathia/Downloads/videos/programme/apps/desktop/src/renderer/src/__tests__/AttachmentButton.test.ts"
2026-02-25T10:55:52.354501Z  INFO tailwindcss_oxide::scanner: Reading "/Users/efstathia/Downloads/videos/programme/apps/desktop/src/renderer/src/hooks/useAgentStatus.ts"
2026-02-25T10:55:52.354507Z  INFO tailwindcss_oxide::scanner: Reading "/Users/efstathia/Downloads/videos/programme/apps/desktop/src/renderer/src/__tests__/format-date.test.ts"
2026-02-25T10:55:52.354543Z  INFO tailwindcss_oxide::scanner: Reading "/Users/efstathia/Downloads/videos/programme/apps/desktop/src/renderer/src/hooks/useKeyboardShortcuts.ts"
2026-02-25T10:55:52.354583Z  INFO tailwindcss_oxide::scanner: Reading "/Users/efstathia/Downloads/videos/programme/apps/desktop/src/renderer/src/config.ts"
2026-02-25T10:55:52.354589Z  INFO tailwindcss_oxide::scanner: Reading "/Users/efstathia/Downloads/videos/programme/apps/desktop/src/renderer/src/__tests__/FilePreview.test.ts"
2026-02-25T10:55:52.354629Z  INFO tailwindcss_oxide::scanner: Reading "/Users/efstathia/Downloads/videos/programme/apps/desktop/src/renderer/src/pages/Settings.tsx"
2026-02-25T10:55:52.354684Z  INFO tailwindcss_oxide::scanner: Reading "/Users/efstathia/Downloads/videos/programme/apps/desktop/src/renderer/src/pages/AuthScreen.tsx"
2026-02-25T10:55:52.354722Z  INFO tailwindcss_oxide::scanner: Reading "/Users/efstathia/Downloads/videos/programme/apps/desktop/src/renderer/src/pages/Setup.tsx"
2026-02-25T10:55:52.354743Z  INFO tailwindcss_oxide::scanner: Reading "/Users/efstathia/Downloads/videos/programme/apps/desktop/src/renderer/src/__tests__/AuthContext.test.ts"
2026-02-25T10:55:52.354758Z  INFO tailwindcss_oxide::scanner: Reading "/Users/efstathia/Downloads/videos/programme/apps/desktop/src/renderer/src/pages/Chat.tsx"
2026-02-25T10:55:52.354686Z  INFO tailwindcss_oxide::scanner: Reading "/Users/efstathia/Downloads/videos/programme/apps/desktop/src/renderer/src/hooks/useGatewayStatus.ts"
2026-02-25T10:55:52.354890Z  INFO tailwindcss_oxide::scanner: Reading "/Users/efstathia/Downloads/videos/programme/apps/desktop/src/renderer/src/__tests__/Chat.test.ts"
2026-02-25T10:55:52.354898Z  INFO tailwindcss_oxide::scanner: Reading "/Users/efstathia/Downloads/videos/programme/apps/desktop/src/renderer/src/__tests__/Sidebar.test.ts"
2026-02-25T10:55:52.354897Z  INFO tailwindcss_oxide::scanner: Reading "/Users/efstathia/Downloads/videos/programme/apps/desktop/src/renderer/src/__tests__/Setup.test.ts"
2026-02-25T10:55:52.354972Z  INFO tailwindcss_oxide::scanner: Reading "/Users/efstathia/Downloads/videos/programme/apps/desktop/src/renderer/src/constants.ts"
2026-02-25T10:55:52.355040Z  INFO tailwindcss_oxide::scanner: Reading "/Users/efstathia/Downloads/videos/programme/apps/desktop/src/renderer/src/__tests__/FileDropZone.test.ts"
2026-02-25T10:55:52.355186Z  INFO tailwindcss_oxide::scanner: Reading "/Users/efstathia/Downloads/videos/programme/apps/desktop/src/renderer/src/__tests__/ErrorBoundary.test.ts"
2026-02-25T10:55:52.355335Z  INFO tailwindcss_oxide::scanner: Reading "/Users/efstathia/Downloads/videos/programme/apps/desktop/src/renderer/src/__tests__/Toast.test.ts"
2026-02-25T10:55:52.368566Z  INFO tailwindcss_oxide::scanner: Reading "/Users/efstathia/Downloads/videos/programme/apps/desktop/src/renderer/src/hooks/useChat.ts"
2026-02-25T10:55:52.379383Z  INFO extract_candidates:read_all_files: tailwindcss_oxide::scanner: exit
2026-02-25T10:55:52.379421Z  INFO extract_candidates:parse_all_blobs: tailwindcss_oxide::scanner: enter
2026-02-25T10:55:52.379431Z  INFO extract_candidates:parse_all_blobs:extract: tailwindcss_oxide::scanner: enter
2026-02-25T10:55:52.387861Z  INFO extract_candidates:parse_all_blobs:extract: tailwindcss_oxide::scanner: exit
2026-02-25T10:55:52.387911Z  INFO extract_candidates:parse_all_blobs: tailwindcss_oxide::scanner: exit
2026-02-25T10:55:52.387922Z  INFO extract_candidates:read_all_files: tailwindcss_oxide::scanner: enter
2026-02-25T10:55:52.387928Z  INFO extract_candidates:read_all_files: tailwindcss_oxide::scanner: Reading 1 file(s)
2026-02-25T10:55:52.387975Z  INFO extract_candidates:read_all_files: tailwindcss_oxide::scanner: Reading "/Users/efstathia/Downloads/videos/programme/apps/desktop/src/renderer/src/App.css"
2026-02-25T10:55:52.387988Z  INFO extract_candidates:read_all_files: tailwindcss_oxide::scanner: exit
2026-02-25T10:55:52.387996Z  INFO extract_candidates:extract_css_variables: tailwindcss_oxide::scanner: enter
2026-02-25T10:55:52.388001Z  INFO extract_candidates:extract_css_variables:extract: tailwindcss_oxide::scanner: enter
2026-02-25T10:55:52.388057Z  INFO extract_candidates:extract_css_variables:extract: tailwindcss_oxide::scanner: exit
2026-02-25T10:55:52.388077Z  INFO extract_candidates:extract_css_variables: tailwindcss_oxide::scanner: exit
2026-02-25T10:55:52.388417Z  INFO extract_candidates: tailwindcss_oxide::scanner: exit
2026-02-25T10:55:52.390030Z  INFO get_files: tailwindcss_oxide::scanner: enter
2026-02-25T10:55:52.390052Z  INFO get_files:scan_sources: tailwindcss_oxide::scanner: enter
2026-02-25T10:55:52.390723Z  INFO get_files:scan_sources: tailwindcss_oxide::scanner: Discovering "/Users/efstathia/Downloads/videos/programme/apps/desktop/src/renderer/components"
2026-02-25T10:55:52.390814Z  INFO get_files:scan_sources: tailwindcss_oxide::scanner: Discovering "/Users/efstathia/Downloads/videos/programme/apps/desktop/src/renderer/__tests__"
2026-02-25T10:55:52.390968Z  INFO get_files:scan_sources: tailwindcss_oxide::scanner: Discovering "/Users/efstathia/Downloads/videos/programme/apps/desktop/src/renderer/hooks"
2026-02-25T10:55:52.391074Z  INFO get_files:scan_sources: tailwindcss_oxide::scanner: Discovering "/Users/efstathia/Downloads/videos/programme/apps/desktop/src/renderer/src"
2026-02-25T10:55:52.391185Z  INFO get_files:scan_sources: tailwindcss_oxide::scanner: Discovering "/Users/efstathia/Downloads/videos/programme/apps/desktop/src/renderer/src/contexts"
2026-02-25T10:55:52.391365Z  INFO get_files:scan_sources: tailwindcss_oxide::scanner: Discovering "/Users/efstathia/Downloads/videos/programme/apps/desktop/src/renderer/src/utils"
2026-02-25T10:55:52.391505Z  INFO get_files:scan_sources: tailwindcss_oxide::scanner: Discovering "/Users/efstathia/Downloads/videos/programme/apps/desktop/src/renderer/src/components"
2026-02-25T10:55:52.391609Z  INFO get_files:scan_sources: tailwindcss_oxide::scanner: Discovering "/Users/efstathia/Downloads/videos/programme/apps/desktop/src/renderer/src/components/ui"
2026-02-25T10:55:52.391824Z  INFO get_files:scan_sources: tailwindcss_oxide::scanner: Discovering "/Users/efstathia/Downloads/videos/programme/apps/desktop/src/renderer/src/components/__tests__"
2026-02-25T10:55:52.392075Z  INFO get_files:scan_sources: tailwindcss_oxide::scanner: Discovering "/Users/efstathia/Downloads/videos/programme/apps/desktop/src/renderer/src/__tests__"
2026-02-25T10:55:52.392697Z  INFO get_files:scan_sources: tailwindcss_oxide::scanner: Discovering "/Users/efstathia/Downloads/videos/programme/apps/desktop/src/renderer/src/hooks"
2026-02-25T10:55:52.392916Z  INFO get_files:scan_sources: tailwindcss_oxide::scanner: Discovering "/Users/efstathia/Downloads/videos/programme/apps/desktop/src/renderer/src/pages"
2026-02-25T10:55:52.393134Z  INFO get_files:scan_sources: tailwindcss_oxide::scanner: exit
2026-02-25T10:55:52.393246Z  INFO get_files: tailwindcss_oxide::scanner: exit
2026-02-25T10:55:52.393550Z  INFO get_globs: tailwindcss_oxide::scanner: enter
2026-02-25T10:55:52.393591Z  INFO get_globs:scan_sources: tailwindcss_oxide::scanner: enter
2026-02-25T10:55:52.394302Z  INFO get_globs:scan_sources: tailwindcss_oxide::scanner: Discovering "/Users/efstathia/Downloads/videos/programme/apps/desktop/src/renderer/components"
2026-02-25T10:55:52.394598Z  INFO get_globs:scan_sources: tailwindcss_oxide::scanner: Discovering "/Users/efstathia/Downloads/videos/programme/apps/desktop/src/renderer/__tests__"
2026-02-25T10:55:52.394954Z  INFO get_globs:scan_sources: tailwindcss_oxide::scanner: Discovering "/Users/efstathia/Downloads/videos/programme/apps/desktop/src/renderer/hooks"
2026-02-25T10:55:52.395049Z  INFO get_globs:scan_sources: tailwindcss_oxide::scanner: Discovering "/Users/efstathia/Downloads/videos/programme/apps/desktop/src/renderer/src"
2026-02-25T10:55:52.395170Z  INFO get_globs:scan_sources: tailwindcss_oxide::scanner: Discovering "/Users/efstathia/Downloads/videos/programme/apps/desktop/src/renderer/src/contexts"
2026-02-25T10:55:52.395351Z  INFO get_globs:scan_sources: tailwindcss_oxide::scanner: Discovering "/Users/efstathia/Downloads/videos/programme/apps/desktop/src/renderer/src/utils"
2026-02-25T10:55:52.395484Z  INFO get_globs:scan_sources: tailwindcss_oxide::scanner: Discovering "/Users/efstathia/Downloads/videos/programme/apps/desktop/src/renderer/src/components"
2026-02-25T10:55:52.395581Z  INFO get_globs:scan_sources: tailwindcss_oxide::scanner: Discovering "/Users/efstathia/Downloads/videos/programme/apps/desktop/src/renderer/src/components/ui"
2026-02-25T10:55:52.395797Z  INFO get_globs:scan_sources: tailwindcss_oxide::scanner: Discovering "/Users/efstathia/Downloads/videos/programme/apps/desktop/src/renderer/src/components/__tests__"
2026-02-25T10:55:52.396062Z  INFO get_globs:scan_sources: tailwindcss_oxide::scanner: Discovering "/Users/efstathia/Downloads/videos/programme/apps/desktop/src/renderer/src/__tests__"
2026-02-25T10:55:52.396808Z  INFO get_globs:scan_sources: tailwindcss_oxide::scanner: Discovering "/Users/efstathia/Downloads/videos/programme/apps/desktop/src/renderer/src/hooks"
2026-02-25T10:55:52.397039Z  INFO get_globs:scan_sources: tailwindcss_oxide::scanner: Discovering "/Users/efstathia/Downloads/videos/programme/apps/desktop/src/renderer/src/pages"
2026-02-25T10:55:52.397266Z  INFO get_globs:scan_sources: tailwindcss_oxide::scanner: exit
2026-02-25T10:55:52.398918Z  INFO get_globs: tailwindcss_oxide::scanner: exit
